Using pre-set license

 COMMAND LINE ARGUMENTS:
/Applications/Unity/Hub/Editor/2020.3.5f1/Unity.app/Contents/MacOS/Unity
-adb2
-batchMode
-noUpm
-name
AssetImportWorker0
-projectPath
/Users/PedroPablo/Unity_Projects/TestingLeaderBoard
-logFile
Logs/AssetImportWorker0.log
-srvPort
57444
Successfully changed project path to: /Users/PedroPablo/Unity_Projects/TestingLeaderBoard
/Users/PedroPablo/Unity_Projects/TestingLeaderBoard
Using Asset Import Pipeline V2.
Refreshing native plugins compatible for Editor in 55.06 ms, found 1 plugins.
Preloading 0 native plugins for Editor in 0.00 ms.
Initialize engine version: 2020.3.5f1 (8095aa901b9b)
[Subsystems] Discovering subsystems at path /Applications/Unity/Hub/Editor/2020.3.5f1/Unity.app/Contents/Resources/UnitySubsystems
[Subsystems] Discovering subsystems at path /Users/PedroPablo/Unity_Projects/TestingLeaderBoard/Assets
GfxDevice: creating device client; threaded=0
2021-04-25 22:18:14.656 Unity[66037:6469218] LG ULTRAWIDE preferred device: Intel HD Graphics 4000 (low power)
2021-04-25 22:18:14.656 Unity[66037:6469218] Metal devices available: 1
2021-04-25 22:18:14.656 Unity[66037:6469218] 0: Intel HD Graphics 4000 (low power)
2021-04-25 22:18:14.657 Unity[66037:6469218] Using device Intel HD Graphics 4000 (low power)
Initializing Metal device caps: Intel HD Graphics 4000
Initialize mono
Mono path[0] = '/Applications/Unity/Hub/Editor/2020.3.5f1/Unity.app/Contents/Managed'
Mono path[1] = '/Applications/Unity/Hub/Editor/2020.3.5f1/Unity.app/Contents/MonoBleedingEdge/lib/mono/unityjit'
Mono config path = '/Applications/Unity/Hub/Editor/2020.3.5f1/Unity.app/Contents/MonoBleedingEdge/etc'
Using monoOptions --debugger-agent=transport=dt_socket,embedding=1,server=y,suspend=n,address=127.0.0.1:56037
Begin MonoManager ReloadAssembly
Registering precompiled unity dll's ...
Register platform support module: /Applications/Unity/Hub/Editor/2020.3.5f1/PlaybackEngines/WebGLSupport/UnityEditor.WebGL.Extensions.dll
Register platform support module: /Applications/Unity/Hub/Editor/2020.3.5f1/Unity.app/Contents/PlaybackEngines/MacStandaloneSupport/UnityEditor.OSXStandalone.Extensions.dll
Registered in 0.001105 seconds.
Native extension for OSXStandalone target not found
Native extension for WebGL target not found
Refreshing native plugins compatible for Editor in 48.32 ms, found 1 plugins.
Preloading 0 native plugins for Editor in 0.00 ms.
Mono: successfully reloaded assembly
- Completed reload, in  2.281 seconds
Platform modules already initialized, skipping
Registering precompiled user dll's ...
Registered in 0.002267 seconds.
Begin MonoManager ReloadAssembly
Native extension for OSXStandalone target not found
Native extension for WebGL target not found
Refreshing native plugins compatible for Editor in 0.56 ms, found 1 plugins.
Preloading 0 native plugins for Editor in 0.00 ms.
Mono: successfully reloaded assembly
- Completed reload, in  1.582 seconds
Platform modules already initialized, skipping
========================================================================
Worker process is ready to serve import requests
Launching external process: /Applications/Unity/Hub/Editor/2020.3.5f1/Unity.app/Contents/Tools/UnityShaderCompiler
Launched and connected shader compiler UnityShaderCompiler after 0.02 seconds
Refreshing native plugins compatible for Editor in 0.52 ms, found 1 plugins.
Preloading 0 native plugins for Editor in 0.00 ms.
Unloading 1418 Unused Serialized files (Serialized files now loaded: 0)
System memory in use before: 120.1 MB.
System memory in use after: 120.1 MB.

Unloading 36 unused Assets to reduce memory usage. Loaded Objects now: 1845.
Total: 2.708608 ms (FindLiveObjects: 0.201103 ms CreateObjectMapping: 0.064402 ms MarkObjects: 2.320011 ms  DeleteObjects: 0.121483 ms)

========================================================================
Received Import Request.
  path: Assets/Scenes/getLeaders.cs
  artifactKey: Guid(54c52b2f0135040e0ae400dbfd1b1cf4) Importer(815301076,1909f56bfc062723c751e8b465ee728b)
Start importing Assets/Scenes/getLeaders.cs using Guid(54c52b2f0135040e0ae400dbfd1b1cf4) Importer(815301076,1909f56bfc062723c751e8b465ee728b)  -> (artifact id: '1f9413b81ab5ec7621ba07d292bc1e71') in 0.574486 seconds
  Import took 0.578372 seconds .

========================================================================
Received Import Request.
  Time since last request: 15.369668 seconds.
  path: Assets/Scenes/postLeaders.cs
  artifactKey: Guid(d8cd872ec63994a8cb029be4e5923a9a) Importer(815301076,1909f56bfc062723c751e8b465ee728b)
Start importing Assets/Scenes/postLeaders.cs using Guid(d8cd872ec63994a8cb029be4e5923a9a) Importer(815301076,1909f56bfc062723c751e8b465ee728b)  -> (artifact id: 'ab5ad216a20eb6427a6c315d60fb3909') in 0.007696 seconds
  Import took 0.011624 seconds .

========================================================================
Received Prepare
Registering precompiled user dll's ...
Registered in 0.001792 seconds.
Begin MonoManager ReloadAssembly
Native extension for OSXStandalone target not found
Native extension for WebGL target not found
Refreshing native plugins compatible for Editor in 0.57 ms, found 1 plugins.
Preloading 0 native plugins for Editor in 0.00 ms.
Mono: successfully reloaded assembly
- Completed reload, in  1.536 seconds
Platform modules already initialized, skipping
Refreshing native plugins compatible for Editor in 0.56 ms, found 1 plugins.
Preloading 0 native plugins for Editor in 0.00 ms.
Unloading 1412 Unused Serialized files (Serialized files now loaded: 0)
System memory in use before: 124.7 MB.
System memory in use after: 124.8 MB.

Unloading 28 unused Assets to reduce memory usage. Loaded Objects now: 1847.
Total: 2.217353 ms (FindLiveObjects: 0.217170 ms CreateObjectMapping: 0.062859 ms MarkObjects: 1.859930 ms  DeleteObjects: 0.075896 ms)

========================================================================
Received Import Request.
  Time since last request: 21.716001 seconds.
  path: Assets/Scenes
  artifactKey: Guid(ee351080bcfe04db188e49663ae91339) Importer(815301076,1909f56bfc062723c751e8b465ee728b)
Start importing Assets/Scenes using Guid(ee351080bcfe04db188e49663ae91339) Importer(815301076,1909f56bfc062723c751e8b465ee728b)  -> (artifact id: '7a0022f0d196d3218d708c31c7ac92e9') in 0.006993 seconds
  Import took 0.010518 seconds .

========================================================================
Received Import Request.
  Time since last request: 0.013486 seconds.
  path: Assets/Scenes
  artifactKey: Guid(ee351080bcfe04db188e49663ae91339) Importer(815301076,1909f56bfc062723c751e8b465ee728b)
Start importing Assets/Scenes using Guid(ee351080bcfe04db188e49663ae91339) Importer(815301076,1909f56bfc062723c751e8b465ee728b)  -> (artifact id: '7a0022f0d196d3218d708c31c7ac92e9') in 0.001210 seconds
  Import took 0.004574 seconds .

========================================================================
Received Prepare
Registering precompiled user dll's ...
Registered in 0.001620 seconds.
Begin MonoManager ReloadAssembly
Native extension for OSXStandalone target not found
Native extension for WebGL target not found
Refreshing native plugins compatible for Editor in 0.59 ms, found 1 plugins.
Preloading 0 native plugins for Editor in 0.00 ms.
Mono: successfully reloaded assembly
- Completed reload, in  1.471 seconds
Platform modules already initialized, skipping
Refreshing native plugins compatible for Editor in 0.58 ms, found 1 plugins.
Preloading 0 native plugins for Editor in 0.00 ms.
Unloading 1413 Unused Serialized files (Serialized files now loaded: 0)
System memory in use before: 125.0 MB.
System memory in use after: 125.0 MB.

Unloading 27 unused Assets to reduce memory usage. Loaded Objects now: 1851.
Total: 2.253852 ms (FindLiveObjects: 0.225596 ms CreateObjectMapping: 0.067434 ms MarkObjects: 1.876018 ms  DeleteObjects: 0.083320 ms)

========================================================================
Received Import Request.
  Time since last request: 57.244378 seconds.
  path: Assets/Scenes/postLeaders.cs
  artifactKey: Guid(d8cd872ec63994a8cb029be4e5923a9a) Importer(815301076,1909f56bfc062723c751e8b465ee728b)
Start importing Assets/Scenes/postLeaders.cs using Guid(d8cd872ec63994a8cb029be4e5923a9a) Importer(815301076,1909f56bfc062723c751e8b465ee728b)  -> (artifact id: '34881191a0026ff2aaa9347370faf394') in 0.011234 seconds
  Import took 0.014802 seconds .

========================================================================
Received Prepare
Registering precompiled user dll's ...
Registered in 0.002174 seconds.
Begin MonoManager ReloadAssembly
Native extension for OSXStandalone target not found
Native extension for WebGL target not found
Refreshing native plugins compatible for Editor in 0.58 ms, found 1 plugins.
Preloading 0 native plugins for Editor in 0.00 ms.
Mono: successfully reloaded assembly
- Completed reload, in  1.549 seconds
Platform modules already initialized, skipping
Refreshing native plugins compatible for Editor in 0.57 ms, found 1 plugins.
Preloading 0 native plugins for Editor in 0.00 ms.
Unloading 1413 Unused Serialized files (Serialized files now loaded: 0)
System memory in use before: 125.1 MB.
System memory in use after: 125.2 MB.

Unloading 27 unused Assets to reduce memory usage. Loaded Objects now: 1854.
Total: 2.285505 ms (FindLiveObjects: 0.227211 ms CreateObjectMapping: 0.061583 ms MarkObjects: 1.921799 ms  DeleteObjects: 0.073140 ms)

========================================================================
Received Import Request.
  Time since last request: 51.641984 seconds.
  path: Assets/Scenes/postLeaders.cs
  artifactKey: Guid(d8cd872ec63994a8cb029be4e5923a9a) Importer(815301076,1909f56bfc062723c751e8b465ee728b)
Start importing Assets/Scenes/postLeaders.cs using Guid(d8cd872ec63994a8cb029be4e5923a9a) Importer(815301076,1909f56bfc062723c751e8b465ee728b)  -> (artifact id: 'e782d75f990e9f350dea6bfa197c5355') in 0.008031 seconds
  Import took 0.011362 seconds .

========================================================================
Received Prepare
Registering precompiled user dll's ...
Registered in 0.001837 seconds.
Begin MonoManager ReloadAssembly
Native extension for OSXStandalone target not found
Native extension for WebGL target not found
Refreshing native plugins compatible for Editor in 0.69 ms, found 1 plugins.
Preloading 0 native plugins for Editor in 0.00 ms.
Mono: successfully reloaded assembly
- Completed reload, in  1.418 seconds
Platform modules already initialized, skipping
Refreshing native plugins compatible for Editor in 0.56 ms, found 1 plugins.
Preloading 0 native plugins for Editor in 0.00 ms.
Unloading 1413 Unused Serialized files (Serialized files now loaded: 0)
System memory in use before: 125.3 MB.
System memory in use after: 125.4 MB.

Unloading 27 unused Assets to reduce memory usage. Loaded Objects now: 1857.
Total: 2.898379 ms (FindLiveObjects: 0.204536 ms CreateObjectMapping: 0.063742 ms MarkObjects: 2.542683 ms  DeleteObjects: 0.085239 ms)

========================================================================
Received Prepare
Registering precompiled user dll's ...
Registered in 0.002210 seconds.
Begin MonoManager ReloadAssembly
Native extension for OSXStandalone target not found
Native extension for WebGL target not found
Refreshing native plugins compatible for Editor in 0.57 ms, found 1 plugins.
Preloading 0 native plugins for Editor in 0.00 ms.
Mono: successfully reloaded assembly
- Completed reload, in  1.394 seconds
Platform modules already initialized, skipping
Refreshing native plugins compatible for Editor in 0.60 ms, found 1 plugins.
Preloading 0 native plugins for Editor in 0.00 ms.
Unloading 1413 Unused Serialized files (Serialized files now loaded: 0)
System memory in use before: 125.5 MB.
System memory in use after: 125.6 MB.

Unloading 27 unused Assets to reduce memory usage. Loaded Objects now: 1860.
Total: 2.274583 ms (FindLiveObjects: 0.200895 ms CreateObjectMapping: 0.063515 ms MarkObjects: 1.940215 ms  DeleteObjects: 0.068247 ms)

========================================================================
Received Prepare
Registering precompiled user dll's ...
Registered in 0.004631 seconds.
Begin MonoManager ReloadAssembly
Native extension for OSXStandalone target not found
Native extension for WebGL target not found
Refreshing native plugins compatible for Editor in 0.57 ms, found 1 plugins.
Preloading 0 native plugins for Editor in 0.00 ms.
Mono: successfully reloaded assembly
- Completed reload, in  1.395 seconds
Platform modules already initialized, skipping
Refreshing native plugins compatible for Editor in 0.58 ms, found 1 plugins.
Preloading 0 native plugins for Editor in 0.00 ms.
Unloading 1413 Unused Serialized files (Serialized files now loaded: 0)
System memory in use before: 125.7 MB.
System memory in use after: 125.7 MB.

Unloading 27 unused Assets to reduce memory usage. Loaded Objects now: 1863.
Total: 2.376545 ms (FindLiveObjects: 0.235761 ms CreateObjectMapping: 0.068568 ms MarkObjects: 1.990033 ms  DeleteObjects: 0.080472 ms)

========================================================================
Received Prepare
Registering precompiled user dll's ...
Registered in 0.001900 seconds.
Begin MonoManager ReloadAssembly
Native extension for OSXStandalone target not found
Native extension for WebGL target not found
Refreshing native plugins compatible for Editor in 0.63 ms, found 1 plugins.
Preloading 0 native plugins for Editor in 0.00 ms.
Mono: successfully reloaded assembly
- Completed reload, in  1.405 seconds
Platform modules already initialized, skipping
Refreshing native plugins compatible for Editor in 0.57 ms, found 1 plugins.
Preloading 0 native plugins for Editor in 0.00 ms.
Unloading 1413 Unused Serialized files (Serialized files now loaded: 0)
System memory in use before: 125.8 MB.
System memory in use after: 125.9 MB.

Unloading 27 unused Assets to reduce memory usage. Loaded Objects now: 1866.
Total: 2.302526 ms (FindLiveObjects: 0.205173 ms CreateObjectMapping: 0.065876 ms MarkObjects: 1.955319 ms  DeleteObjects: 0.074334 ms)

========================================================================
Received Prepare
Registering precompiled user dll's ...
Registered in 0.002579 seconds.
Begin MonoManager ReloadAssembly
Native extension for OSXStandalone target not found
Native extension for WebGL target not found
Refreshing native plugins compatible for Editor in 0.57 ms, found 1 plugins.
Preloading 0 native plugins for Editor in 0.00 ms.
Mono: successfully reloaded assembly
- Completed reload, in  1.490 seconds
Platform modules already initialized, skipping
Refreshing native plugins compatible for Editor in 0.57 ms, found 1 plugins.
Preloading 0 native plugins for Editor in 0.00 ms.
Unloading 1413 Unused Serialized files (Serialized files now loaded: 0)
System memory in use before: 126.0 MB.
System memory in use after: 126.1 MB.

Unloading 27 unused Assets to reduce memory usage. Loaded Objects now: 1869.
Total: 2.294661 ms (FindLiveObjects: 0.207323 ms CreateObjectMapping: 0.062588 ms MarkObjects: 1.954245 ms  DeleteObjects: 0.068955 ms)

========================================================================
Received Prepare
Registering precompiled user dll's ...
Registered in 0.001694 seconds.
Begin MonoManager ReloadAssembly
Native extension for OSXStandalone target not found
Native extension for WebGL target not found
Refreshing native plugins compatible for Editor in 0.59 ms, found 1 plugins.
Preloading 0 native plugins for Editor in 0.00 ms.
Mono: successfully reloaded assembly
- Completed reload, in  1.546 seconds
Platform modules already initialized, skipping
Refreshing native plugins compatible for Editor in 0.55 ms, found 1 plugins.
Preloading 0 native plugins for Editor in 0.00 ms.
Unloading 1413 Unused Serialized files (Serialized files now loaded: 0)
System memory in use before: 126.2 MB.
System memory in use after: 126.3 MB.

Unloading 27 unused Assets to reduce memory usage. Loaded Objects now: 1872.
Total: 2.298703 ms (FindLiveObjects: 0.212274 ms CreateObjectMapping: 0.078846 ms MarkObjects: 1.937697 ms  DeleteObjects: 0.068424 ms)

========================================================================
Received Prepare
Registering precompiled user dll's ...
Registered in 0.002108 seconds.
Begin MonoManager ReloadAssembly
Native extension for OSXStandalone target not found
Native extension for WebGL target not found
Refreshing native plugins compatible for Editor in 0.57 ms, found 1 plugins.
Preloading 0 native plugins for Editor in 0.00 ms.
Mono: successfully reloaded assembly
- Completed reload, in  1.416 seconds
Platform modules already initialized, skipping
Refreshing native plugins compatible for Editor in 0.62 ms, found 1 plugins.
Preloading 0 native plugins for Editor in 0.00 ms.
Unloading 1413 Unused Serialized files (Serialized files now loaded: 0)
System memory in use before: 126.4 MB.
System memory in use after: 126.5 MB.

Unloading 27 unused Assets to reduce memory usage. Loaded Objects now: 1875.
Total: 2.270551 ms (FindLiveObjects: 0.258325 ms CreateObjectMapping: 0.063438 ms MarkObjects: 1.866490 ms  DeleteObjects: 0.080705 ms)

========================================================================
Received Import Request.
  Time since last request: 1472.495862 seconds.
  path: Assets/Scenes/postLeaders.cs
  artifactKey: Guid(d8cd872ec63994a8cb029be4e5923a9a) Importer(815301076,1909f56bfc062723c751e8b465ee728b)
Start importing Assets/Scenes/postLeaders.cs using Guid(d8cd872ec63994a8cb029be4e5923a9a) Importer(815301076,1909f56bfc062723c751e8b465ee728b)  -> (artifact id: '9181f80f8696d3f89fba1ab41a0a8fc5') in 0.007632 seconds
  Import took 0.011404 seconds .

========================================================================
Received Import Request.
  Time since last request: 0.039157 seconds.
  path: Assets/Scenes/postLeaders.cs
  artifactKey: Guid(d8cd872ec63994a8cb029be4e5923a9a) Importer(815301076,1909f56bfc062723c751e8b465ee728b)
Start importing Assets/Scenes/postLeaders.cs using Guid(d8cd872ec63994a8cb029be4e5923a9a) Importer(815301076,1909f56bfc062723c751e8b465ee728b)  -> (artifact id: '9181f80f8696d3f89fba1ab41a0a8fc5') in 0.004484 seconds
  Import took 0.007603 seconds .

========================================================================
Received Prepare
Registering precompiled user dll's ...
Registered in 0.001716 seconds.
Begin MonoManager ReloadAssembly
Native extension for OSXStandalone target not found
Native extension for WebGL target not found
Refreshing native plugins compatible for Editor in 0.57 ms, found 1 plugins.
Preloading 0 native plugins for Editor in 0.00 ms.
Mono: successfully reloaded assembly
- Completed reload, in  1.416 seconds
Platform modules already initialized, skipping
Refreshing native plugins compatible for Editor in 0.57 ms, found 1 plugins.
Preloading 0 native plugins for Editor in 0.00 ms.
Unloading 1413 Unused Serialized files (Serialized files now loaded: 0)
System memory in use before: 126.6 MB.
System memory in use after: 126.6 MB.

Unloading 27 unused Assets to reduce memory usage. Loaded Objects now: 1878.
Total: 2.266730 ms (FindLiveObjects: 0.233090 ms CreateObjectMapping: 0.062631 ms MarkObjects: 1.897320 ms  DeleteObjects: 0.071910 ms)

========================================================================
Received Prepare
Registering precompiled user dll's ...
Registered in 0.001706 seconds.
Begin MonoManager ReloadAssembly
Native extension for OSXStandalone target not found
Native extension for WebGL target not found
Refreshing native plugins compatible for Editor in 0.71 ms, found 1 plugins.
Preloading 0 native plugins for Editor in 0.00 ms.
Mono: successfully reloaded assembly
- Completed reload, in  1.404 seconds
Platform modules already initialized, skipping
Refreshing native plugins compatible for Editor in 0.57 ms, found 1 plugins.
Preloading 0 native plugins for Editor in 0.00 ms.
Unloading 1413 Unused Serialized files (Serialized files now loaded: 0)
System memory in use before: 126.8 MB.
System memory in use after: 126.8 MB.

Unloading 27 unused Assets to reduce memory usage. Loaded Objects now: 1881.
Total: 2.692341 ms (FindLiveObjects: 0.261941 ms CreateObjectMapping: 0.080783 ms MarkObjects: 2.264536 ms  DeleteObjects: 0.083153 ms)

